2026-04-25 08:18:05 | COMPLETE | E-008_Balanced                 | train_stage2         | manual_registration | stage2_dir=outputs/evaluations/E-008_Balanced/stage2
2026-04-25 08:18:05 | COMPLETE | E-008_Balanced                 | calibrate            | manual_registration | calibration_report=outputs/evaluations/E-008_Balanced/calibration_report.json
2026-04-25 08:18:05 | COMPLETE | E-008_Balanced                 | evaluate             | manual_registration | eval_dir=outputs/evaluations/E-008_Balanced/eval
2026-04-25 08:18:05 | RESULTS  | E-008_Balanced                 | evaluate             | manual_registration | e2e_accuracy=0.3420 | macro_f1=0.2490 | ece=0.0640 | coverage_07=0.1870 | stage1_accuracy=0.9740
2026-04-25 08:18:05 | COMPLETE | E-006_Hierarchical_Clean       | train_stage2         | manual_registration | stage2_dir=outputs/evaluations/E-006_Hierarchical_Clean/stage2
2026-04-25 08:18:05 | COMPLETE | E-006_Hierarchical_Clean       | calibrate            | manual_registration | calibration_report=outputs/evaluations/E-006_Hierarchical_Clean/calibration_report.json
2026-04-25 08:18:05 | COMPLETE | E-006_Hierarchical_Clean       | evaluate             | manual_registration | eval_dir=outputs/evaluations/E-006_Hierarchical_Clean/eval
2026-04-25 08:18:05 | RESULTS  | E-006_Hierarchical_Clean       | evaluate             | manual_registration | e2e_accuracy=0.2380 | macro_f1=0.1600 | ece=0.1030 | coverage_07=0.1400 | stage1_accuracy=0.9840
2026-04-25 09:30:33 | COMPLETE | E-004a_Hierarchical_E002Init   | prepare_splits       | prepare_splits.py | stage2_dir=outputs/evaluations/E-004a_Hierarchical_E002Init/stage2 | gold=medsynth_gold_augmented.parquet | total_records=11214 | test_records=1127 | seed=42
2026-04-25 11:59:38 | START    | E-002_FullICD10_ClinicalBERT   | train_flat           | train.py | model=emilyalsentzer/Bio_ClinicalBERT | mode=flat | stage=12 | epochs=20 | batch_size=16 | learning_rate=2e-05 | weight_decay=0.01 | warmup_ratio=0.1 | max_length=512 | code_filter=billable | label_scheme=icd10 | use_presplit=False | stage2_init=none | chapters=all | gold_path=auto | seed=42
2026-04-25 13:35:34 | FAILED   | E-002_FullICD10_ClinicalBERT   | train_flat           | train.py | reason='TrainingResult' object has no attribute 'get'
2026-04-25 14:27:21 | COMPLETE | E-002_FullICD10_ClinicalBERT   | train_flat           | train.py | model_dir=outputs/evaluations/E-002_FullICD10_ClinicalBERT | best_epoch=19 | best_val_accuracy=0.5745 | best_val_f1=0.456 | num_classes=1926 | train_seconds=5751
2026-04-25 14:30:29 | START    | E-003_Stage1_Router            | train_stage1         | train.py | model=emilyalsentzer/Bio_ClinicalBERT | mode=hierarchical | stage=1 | epochs=10 | batch_size=16 | learning_rate=2e-05 | weight_decay=0.01 | warmup_ratio=0.1 | max_length=512 | code_filter=billable | label_scheme=icd10 | use_presplit=False | stage2_init=none | chapters=all | gold_path=auto | seed=42
2026-04-25 15:13:55 | FAILED   | E-003_Stage1_Router            | train_stage1         | train.py | reason='TrainingResult' object has no attribute 'get'
2026-04-25 15:27:20 | COMPLETE | E-003_Stage1_Router            | train_stage1         | train.py | stage1_dir=outputs/evaluations/E-003_Stage1_Router/stage1 | best_epoch=6 | best_val_accuracy=0.939 | best_val_f1=0.951 | train_seconds=2600
2026-04-25 15:27:27 | START    | E-004a_Hierarchical_E002Init   | train_stage2         | train.py | model=emilyalsentzer/Bio_ClinicalBERT | mode=hierarchical | stage=2 | epochs=20 | batch_size=16 | learning_rate=2e-05 | weight_decay=0.01 | warmup_ratio=0.1 | max_length=512 | code_filter=billable | label_scheme=icd10 | use_presplit=True | stage2_init=outputs/evaluations/E-002_FullICD10_ClinicalBERT | chapters=all | gold_path=auto | seed=42
2026-04-25 16:44:00 | COMPLETE | E-004a_Hierarchical_E002Init   | train_stage2         | train.py | stage2_dir=/Users/jroche/Workspace/Python/Notes_to_ICD10_prj/outputs/evaluations/E-004a_Hierarchical_E002Init/stage2 | chapters_trained= | stage2_init=outputs/evaluations/E-002_FullICD10_ClinicalBERT
2026-04-25 17:26:52 | COMPLETE | E-004a_Hierarchical_E002Init   | train_stage2         | train.py | stage2_dir=outputs/evaluations/E-004a_Hierarchical_E002Init/stage2 | chapters_trained=A,B,C,D,E,F,G,H,I,J,K,L,M,N,O,R,S,T,Z | chapters_skipped=P,Q,U | stage2_init=E-002_FullICD10_ClinicalBERT | train_seconds=4593
2026-04-25 17:29:33 | START    | E-004a_Hierarchical_E002Init   | calibrate            | calibrate.py | stage1_experiment=E-003_Stage1_Router | threshold=0.7 | dry_run=False
2026-04-25 17:30:01 | COMPLETE | E-004a_Hierarchical_E002Init   | calibrate            | calibrate.py | calibration_report=/Users/jroche/Workspace/Python/Notes_to_ICD10_prj/outputs/evaluations/E-004a_Hierarchical_E002Init/calibration_report.json | resolvers_calibrated=19
2026-04-25 17:38:56 | START    | E-004a_Hierarchical_E002Init   | evaluate             | evaluate.py | mode=hierarchical | stage1_experiment=E-003_Stage1_Router | threshold=0.7 | sample=all
2026-04-25 17:40:24 | COMPLETE | E-004a_Hierarchical_E002Init   | evaluate             | evaluate.py | eval_dir=/Users/jroche/Workspace/Python/Notes_to_ICD10_prj/outputs/evaluations/E-004a_Hierarchical_E002Init/eval
2026-04-25 17:40:24 | RESULTS  | E-004a_Hierarchical_E002Init   | evaluate             | evaluate.py | e2e_accuracy=0.2085 | macro_f1=0.1406 | ece=0.2094 | coverage_07=0.3398 | stage1_accuracy=0.9654 | stage2_accuracy=0.2160
2026-04-25 17:50:34 | RESULTS  | E-004a_Hierarchical_E002Init   | evaluate             | evaluate.py | e2e_accuracy=0.2090 | macro_f1=0.1410 | ece=0.2094 | coverage_07=0.3400 | stage1_accuracy=0.9650 | stage2_accuracy=0.2160
2026-04-25 17:55:10 | START    | E-002_FullICD10_ClinicalBERT_Aug | train_flat           | train.py | model=emilyalsentzer/Bio_ClinicalBERT | mode=flat | stage=12 | epochs=20 | batch_size=16 | learning_rate=2e-05 | weight_decay=0.01 | warmup_ratio=0.1 | max_length=512 | code_filter=billable | label_scheme=icd10 | use_presplit=False | stage2_init=none | chapters=all | gold_path=auto | seed=42
2026-04-25 19:31:35 | COMPLETE | E-002_FullICD10_ClinicalBERT_Aug | train_flat           | train.py | model_dir=/Users/jroche/Workspace/Python/Notes_to_ICD10_prj/outputs/evaluations/E-002_FullICD10_ClinicalBERT_Aug | best_epoch=20 | best_val_accuracy=0.5714285714285714 | best_val_f1=0.4532449446504952 | num_classes=None
2026-04-25 20:12:53 | COMPLETE | E-002_FullICD10_ClinicalBERT_Aug | train_flat           | train.py | model_dir=outputs/evaluations/E-002_FullICD10_ClinicalBERT_Aug | best_epoch=20 | best_val_accuracy=0.5714 | best_val_f1=0.4532 | gold=medsynth_gold_augmented.parquet
2026-04-25 20:13:04 | START    | E-009_Balanced_E002Init        | train_stage2         | train.py | model=emilyalsentzer/Bio_ClinicalBERT | mode=hierarchical | stage=2 | epochs=20 | batch_size=16 | learning_rate=2e-05 | weight_decay=0.01 | warmup_ratio=0.1 | max_length=512 | code_filter=billable | label_scheme=icd10 | use_presplit=True | stage2_init=outputs/evaluations/E-002_FullICD10_ClinicalBERT_Aug | chapters=all | gold_path=auto | seed=42
2026-04-25 20:18:38 | START    | E-009_Balanced_E002Init        | train_stage2         | train.py | model=emilyalsentzer/Bio_ClinicalBERT | mode=hierarchical | stage=2 | epochs=20 | batch_size=16 | learning_rate=2e-05 | weight_decay=0.01 | warmup_ratio=0.1 | max_length=512 | code_filter=billable | label_scheme=icd10 | use_presplit=True | stage2_init=outputs/evaluations/E-002_FullICD10_ClinicalBERT_Aug | chapters=all | gold_path=data/gold/medsynth_gold_augmented.parquet | seed=42
2026-04-25 20:18:40 | FAILED   | E-009_Balanced_E002Init        | train_stage2         | train.py | reason=Error no file named model.safetensors, or pytorch_model.bin, found in directory outputs/evaluations/E-002_FullICD10_ClinicalBERT_Aug/model.
2026-04-25 21:46:33 | START    | E-009_Balanced_E002Init        | train_stage2         | train.py | model=emilyalsentzer/Bio_ClinicalBERT | mode=hierarchical | stage=2 | epochs=20 | batch_size=16 | learning_rate=2e-05 | weight_decay=0.01 | warmup_ratio=0.1 | max_length=512 | code_filter=billable | label_scheme=icd10 | use_presplit=True | stage2_init=outputs/evaluations/E-002_FullICD10_ClinicalBERT_Aug | chapters=all | gold_path=data/gold/medsynth_gold_augmented.parquet | seed=42
2026-04-25 23:18:20 | COMPLETE | E-009_Balanced_E002Init        | train_stage2         | train.py | stage2_dir=/Users/jroche/Workspace/Python/Notes_to_ICD10_prj/outputs/evaluations/E-009_Balanced_E002Init/stage2 | chapters_trained= | stage2_init=outputs/evaluations/E-002_FullICD10_ClinicalBERT_Aug
2026-04-26 02:59:02 | START    | E-009_Balanced_E002Init        | calibrate            | calibrate.py | stage1_experiment=E-003_Stage1_Router | threshold=0.7 | dry_run=False
2026-04-26 02:59:31 | COMPLETE | E-009_Balanced_E002Init        | calibrate            | calibrate.py | calibration_report=/Users/jroche/Workspace/Python/Notes_to_ICD10_prj/outputs/evaluations/E-009_Balanced_E002Init/calibration_report.json | resolvers_calibrated=19
2026-04-26 02:59:34 | START    | E-009_Balanced_E002Init        | evaluate             | evaluate.py | mode=hierarchical | stage1_experiment=E-003_Stage1_Router | threshold=0.7 | sample=all
2026-04-26 03:00:47 | COMPLETE | E-009_Balanced_E002Init        | evaluate             | evaluate.py | eval_dir=/Users/jroche/Workspace/Python/Notes_to_ICD10_prj/outputs/evaluations/E-009_Balanced_E002Init/eval
2026-04-26 03:00:47 | RESULTS  | E-009_Balanced_E002Init        | evaluate             | evaluate.py | e2e_accuracy=0.7169 | macro_f1=0.6365 | ece=0.0301 | coverage_07=0.6566 | stage1_accuracy=0.9654 | stage2_accuracy=0.7426
2026-04-26 03:01:54 | RESULTS  | E-009_Balanced_E002Init        | evaluate             | evaluate.py | e2e_accuracy=0.7170 | macro_f1=0.6370 | ece=0.0301 | coverage_07=0.6570 | stage1_accuracy=0.9650 | stage2_accuracy=0.7430
2026-04-26 09:24:10 | FIGURE   | 01-EDA_SOAP                    | token_pressure_kde             | /Users/jroche/Workspace/Python/Notes_to_ICD10_prj/outputs/visualizations/01-EDA_SOAP/token_pressure_kde_20260426_092410.png
2026-04-26 12:40:07 | FIGURE   | 01-EDA_SOAP                    | icd10_frequency_histogram      | /Users/jroche/Workspace/Python/Notes_to_ICD10_prj/outputs/visualizations/01-EDA_SOAP/icd10_frequency_histogram_20260426_124007.png
2026-04-26 12:40:41 | FIGURE   | 01-EDA_SOAP                    | token_pressure_kde             | /Users/jroche/Workspace/Python/Notes_to_ICD10_prj/outputs/visualizations/01-EDA_SOAP/token_pressure_kde_20260426_124041.png
2026-04-26 12:48:20 | FIGURE   | 01-EDA_SOAP                    | icd10_frequency_histogram      | /Users/jroche/Workspace/Python/Notes_to_ICD10_prj/outputs/visualizations/01-EDA_SOAP/icd10_frequency_histogram_20260426_124820.png
2026-04-26 12:48:21 | FIGURE   | 01-EDA_SOAP                    | token_pressure_kde             | /Users/jroche/Workspace/Python/Notes_to_ICD10_prj/outputs/visualizations/01-EDA_SOAP/token_pressure_kde_20260426_124821.png
2026-04-26 13:09:35 | NB_START | EDA                            | session_open         | 01-EDA_SOAP
2026-04-26 13:09:44 | START    | EDA                            | nb_ingestion         | 01-EDA_SOAP | note=raw parquet anchor
2026-04-26 13:10:02 | FIGURE   | 01-EDA_SOAP                    | icd10_frequency_histogram      | /Users/jroche/Workspace/Python/Notes_to_ICD10_prj/outputs/visualizations/01-EDA_SOAP/icd10_frequency_histogram_20260426_131002.png
2026-04-26 13:10:13 | FIGURE   | 01-EDA_SOAP                    | token_pressure_kde             | /Users/jroche/Workspace/Python/Notes_to_ICD10_prj/outputs/visualizations/01-EDA_SOAP/token_pressure_kde_20260426_131013.png
2026-04-26 13:10:57 | COMPLETE | EDA                            | nb_ingestion         | 01-EDA_SOAP | 
2026-04-26 13:10:58 | START    | EDA                            | nb_apso_flip         | 01-EDA_SOAP | note=APSO signal prioritisation + redaction
2026-04-26 13:11:30 | START    | EDA                            | nb_gold_export       | 01-EDA_SOAP | note=Gold layer Parquet export
2026-04-26 13:11:37 | COMPLETE | EDA                            | nb_gold_export       | 01-EDA_SOAP | 
2026-04-26 13:11:37 | NOTE     | EDA                            | —                    | 01-EDA_SOAP | EDA notebook complete — Gold layer exported
2026-04-26 13:11:37 | NB_DONE  | EDA                            | session_close        | 01-EDA_SOAP
2026-04-26 17:06:41 | RESULTS  | E-001_Baseline_ICD3            | evaluate             | 02-Model_ClinicalBERT_Baseline_ICD3 | e2e_accuracy=0.8691 | macro_f1=0.8434
2026-04-26 18:23:43 | FIGURE   | 02-Model_ClinicalBERT_Baseline_ICD3 | training_dashboard             | /Users/jroche/Workspace/Python/Notes_to_ICD10_prj/outputs/visualizations/02-Model_ClinicalBERT_Baseline_ICD3/training_dashboard_20260426_182342.png | experiment=E-001_Baseline_ICD3
2026-04-26 18:29:23 | FIGURE   | 02-Model_ClinicalBERT_Baseline_ICD3 | confusion_matrix_top10         | /Users/jroche/Workspace/Python/Notes_to_ICD10_prj/outputs/visualizations/02-Model_ClinicalBERT_Baseline_ICD3/confusion_matrix_top10_20260426_182923.png | experiment=E-001_Baseline_ICD3
2026-04-27 07:20:00 | RESULTS  | E-002_FullICD10_ClinicalBERT   | evaluate             | 03-Model_ClinicalBERT_Surgical_ICD10 | e2e_accuracy=0.7619 | macro_f1=0.6609
2026-04-27 07:20:11 | RESULTS  | E-002_FullICD10_ClinicalBERT   | evaluate             | 03-Model_ClinicalBERT_Surgical_ICD10 | e2e_accuracy=0.7619 | macro_f1=0.6609
2026-04-27 07:27:03 | FIGURE   | 03-Model_ClinicalBERT_Surgical_ICD10 | confusion_matrix_top10         | /Users/jroche/Workspace/Python/Notes_to_ICD10_prj/outputs/visualizations/03-Model_ClinicalBERT_Surgical_ICD10/confusion_matrix_top10_20260427_072703.png | experiment=E-002_FullICD10_ClinicalBERT
2026-04-27 07:31:03 | FIGURE   | 03-Model_ClinicalBERT_Surgical_ICD10 | chapter_confusion_matrix       | /Users/jroche/Workspace/Python/Notes_to_ICD10_prj/outputs/visualizations/03-Model_ClinicalBERT_Surgical_ICD10/chapter_confusion_matrix_20260427_073103.png | experiment=E-002_FullICD10_ClinicalBERT
2026-04-27 08:28:06 | RESULTS  | E-003_Stage1_Router            | evaluate             | 04-Model_Hierarchical_ICD10 | macro_f1=0.9705 | stage1_accuracy=0.9617
2026-04-27 08:30:21 | FIGURE   | 04-Model_Hierarchical_ICD10    | stage1_router_dashboard        | /Users/jroche/Workspace/Python/Notes_to_ICD10_prj/outputs/visualizations/04-Model_Hierarchical_ICD10/stage1_router_dashboard_20260427_083021.png | experiment=E-003_Hierarchical_ICD10
2026-04-27 08:32:00 | RESULTS  | E-003_Stage1_Router            | evaluate             | 04-Model_Hierarchical_ICD10 | macro_f1=0.9722 | stage1_accuracy=0.9648
2026-04-27 09:06:13 | FIGURE   | 04-Model_Hierarchical_ICD10    | stage1_router_dashboard        | /Users/jroche/Workspace/Python/Notes_to_ICD10_prj/outputs/visualizations/04-Model_Hierarchical_ICD10/stage1_router_dashboard_20260427_090613.png | experiment=E-003_Hierarchical_ICD10
2026-04-27 12:18:48 | RESULTS  | E-003_Hierarchical_ICD10       | evaluate             | 04-Model_Hierarchical_ICD10 | e2e_accuracy=0.1110 | macro_f1=0.0747 | stage1_accuracy=0.9640
2026-04-27 15:36:59 | RESULTS  | E-009_Balanced_E002Init        | evaluate             | 05-Model_Hierarchical_ICD10_E002Init | e2e_accuracy=0.7980 | macro_f1=0.7105 | stage1_accuracy=0.9640
2026-04-27 15:39:58 | RESULTS  | E-009_Balanced_E002Init        | evaluate             | 05-Model_Hierarchical_ICD10_E002Init | e2e_accuracy=0.7980 | macro_f1=0.7105 | stage1_accuracy=0.9640
2026-04-30 10:59:04 | START    | E-010_40ep_E002Init            | train_stage2         | train.py | model=emilyalsentzer/Bio_ClinicalBERT | mode=hierarchical | stage=2 | epochs=20 | batch_size=8 | learning_rate=2e-05 | weight_decay=0.01 | warmup_ratio=0.1 | max_length=512 | code_filter=billable | label_scheme=icd10 | use_presplit=False | stage2_init=outputs/evaluations/registry/E-002_FullICD10_ClinicalBERT | chapters=all | gold_path=auto | seed=42
2026-04-30 11:49:57 | COMPLETE | E-010_40ep_E002Init            | train_stage2         | train.py | stage2_dir=/Users/jroche/Workspace/Python/Notes_to_ICD10_prj/outputs/evaluations/E-010_40ep_E002Init/stage2 | chapters_trained= | stage2_init=outputs/evaluations/registry/E-002_FullICD10_ClinicalBERT
2026-04-30 12:31:33 | START    | E-010_40ep_E002Init            | calibrate            | calibrate.py | stage1_experiment=E-003_Hierarchical_ICD10 | threshold=0.7 | dry_run=False
2026-04-30 12:31:36 | START    | E-010_40ep_E002Init            | evaluate             | evaluate.py | mode=hierarchical | stage1_experiment=E-003_Hierarchical_ICD10 | threshold=0.7 | sample=all
2026-04-30 12:33:08 | COMPLETE | E-010_40ep_E002Init            | evaluate             | evaluate.py | eval_dir=/Users/jroche/Workspace/Python/Notes_to_ICD10_prj/outputs/evaluations/E-010_40ep_E002Init/eval
2026-04-30 12:33:08 | RESULTS  | E-010_40ep_E002Init            | evaluate             | evaluate.py | e2e_accuracy=0.8364 | macro_f1=0.7580 | ece=0.6402 | coverage_07=0.0000 | stage1_accuracy=0.9865 | stage2_accuracy=0.8478
2026-04-30 12:37:01 | START    | E-010_40ep_E002Init            | calibrate            | calibrate.py | stage1_experiment=E-003_Hierarchical_ICD10 | threshold=0.7 | dry_run=False
2026-04-30 12:37:46 | START    | E-010_40ep_E002Init            | calibrate            | calibrate.py | stage1_experiment=E-003_Hierarchical_ICD10 | threshold=0.7 | dry_run=False
2026-04-30 12:38:30 | START    | E-010_40ep_E002Init            | calibrate            | calibrate.py | stage1_experiment=E-003_Hierarchical_ICD10 | threshold=0.7 | dry_run=False
2026-04-30 12:38:58 | COMPLETE | E-010_40ep_E002Init            | calibrate            | calibrate.py | calibration_report=/Users/jroche/Workspace/Python/Notes_to_ICD10_prj/outputs/evaluations/E-010_40ep_E002Init/calibration_report.json | resolvers_calibrated=19
2026-04-30 12:39:33 | START    | E-010_40ep_E002Init            | evaluate             | evaluate.py | mode=hierarchical | stage1_experiment=E-003_Hierarchical_ICD10 | threshold=0.7 | sample=all
2026-04-30 12:40:36 | COMPLETE | E-010_40ep_E002Init            | evaluate             | evaluate.py | eval_dir=/Users/jroche/Workspace/Python/Notes_to_ICD10_prj/outputs/evaluations/E-010_40ep_E002Init/eval
2026-04-30 12:40:36 | RESULTS  | E-010_40ep_E002Init            | evaluate             | evaluate.py | e2e_accuracy=0.8385 | macro_f1=0.7616 | ece=0.0343 | coverage_07=0.8209 | stage1_accuracy=0.9865 | stage2_accuracy=0.8499
2026-04-30 12:45:17 | RESULTS  | E-010_40ep_E002Init            | evaluate             | scripts/train.py | e2e_accuracy=0.8390 | macro_f1=0.7620 | stage1_accuracy=0.9870
2026-04-30 19:18:49 | FIGURE   | 02-Model_ClinicalBERT_Baseline_ICD3 | training_dashboard             | /Users/jroche/Workspace/Python/Notes_to_ICD10_prj/outputs/visualizations/02-Model_ClinicalBERT_Baseline_ICD3/training_dashboard_20260430_191849.png | experiment=E-001_Baseline_ICD3
2026-04-30 19:20:34 | FIGURE   | 02-Model_ClinicalBERT_Baseline_ICD3 | confusion_matrix_top10         | /Users/jroche/Workspace/Python/Notes_to_ICD10_prj/outputs/visualizations/02-Model_ClinicalBERT_Baseline_ICD3/confusion_matrix_top10_20260430_192034.png | experiment=E-001_Baseline_ICD3
2026-04-30 19:21:36 | RESULTS  | E-001_Baseline_ICD3            | evaluate             | 02-Model_ClinicalBERT_Baseline_ICD3 | e2e_accuracy=0.8799 | macro_f1=0.8532
2026-05-01 09:26:32 | FIGURE   | 03-Model_ClinicalBERT_Surgical_ICD10 | training_dashboard             | /Users/jroche/Workspace/Python/Notes_to_ICD10_prj/outputs/visualizations/03-Model_ClinicalBERT_Surgical_ICD10/training_dashboard_20260501_092631.png | experiment=E-002_FullICD10_ClinicalBERT
2026-05-01 09:27:42 | FIGURE   | 03-Model_ClinicalBERT_Surgical_ICD10 | confusion_matrix_top10         | /Users/jroche/Workspace/Python/Notes_to_ICD10_prj/outputs/visualizations/03-Model_ClinicalBERT_Surgical_ICD10/confusion_matrix_top10_20260501_092742.png | experiment=E-002_FullICD10_ClinicalBERT
2026-05-01 09:28:51 | FIGURE   | 03-Model_ClinicalBERT_Surgical_ICD10 | chapter_confusion_matrix       | /Users/jroche/Workspace/Python/Notes_to_ICD10_prj/outputs/visualizations/03-Model_ClinicalBERT_Surgical_ICD10/chapter_confusion_matrix_20260501_092851.png | experiment=E-002_FullICD10_ClinicalBERT
2026-05-01 09:32:39 | RESULTS  | E-002_FullICD10_ClinicalBERT   | evaluate             | 03-Model_ClinicalBERT_Surgical_ICD10 | e2e_accuracy=0.7547 | macro_f1=0.6572
2026-05-01 12:02:29 | FIGURE   | 04-Model_Hierarchical_ICD10    | stage1_router_dashboard        | /Users/jroche/Workspace/Python/Notes_to_ICD10_prj/outputs/visualizations/04-Model_Hierarchical_ICD10/stage1_router_dashboard_20260501_120229.png | experiment=E-003_Hierarchical_ICD10
2026-05-01 12:06:02 | FIGURE   | 04-Model_Hierarchical_ICD10    | stage1_router_dashboard        | /Users/jroche/Workspace/Python/Notes_to_ICD10_prj/outputs/visualizations/04-Model_Hierarchical_ICD10/stage1_router_dashboard_20260501_120602.png | experiment=E-003_Hierarchical_ICD10
2026-05-01 17:49:54 | RESULTS  | E-009_Balanced_E002Init        | evaluate             | 05-Model_Hierarchical_ICD10_E002Init | e2e_accuracy=0.7980 | macro_f1=0.7105 | stage1_accuracy=0.9640
2026-05-02 11:28:52 | START    | E-010_40ep_E002Init            | evaluate             | evaluate.py | mode=hierarchical | stage1_experiment=E-003_Hierarchical_ICD10 | threshold=0.7 | sample=all
2026-05-02 11:30:01 | COMPLETE | E-010_40ep_E002Init            | evaluate             | evaluate.py | eval_dir=/Users/jroche/Workspace/Python/Notes_to_ICD10_prj/outputs/evaluations/E-010_40ep_E002Init/eval
2026-05-02 11:30:01 | RESULTS  | E-010_40ep_E002Init            | evaluate             | evaluate.py | e2e_accuracy=0.8385 | macro_f1=0.7628 | ece=0.0329 | coverage_07=0.8209 | stage1_accuracy=0.9855 | stage2_accuracy=0.8508
2026-05-02 12:44:31 | START    | E-010_40ep_E002Init            | evaluate             | evaluate.py | mode=hierarchical | stage1_experiment=E-003_Hierarchical_ICD10 | threshold=0.7 | sample=all
2026-05-02 12:45:35 | COMPLETE | E-010_40ep_E002Init            | evaluate             | evaluate.py | eval_dir=/Users/jroche/Workspace/Python/Notes_to_ICD10_prj/outputs/evaluations/E-010_40ep_E002Init/eval
2026-05-02 12:45:35 | RESULTS  | E-010_40ep_E002Init            | evaluate             | evaluate.py | e2e_accuracy=0.8385 | macro_f1=0.7628 | ece=0.0329 | coverage_07=0.8209 | stage1_accuracy=0.9855 | stage2_accuracy=0.8508
2026-05-03 19:09:57 | FIGURE   | 02-Model_ClinicalBERT_Baseline_ICD3 | training_dashboard             | /Users/jroche/Workspace/Python/Notes_to_ICD10_prj/outputs/visualizations/02-Model_ClinicalBERT_Baseline_ICD3/training_dashboard_20260503_190957.png | experiment=E-001_Baseline_ICD3
2026-05-03 19:15:59 | FIGURE   | 02-Model_ClinicalBERT_Baseline_ICD3 | training_dashboard             | /Users/jroche/Workspace/Python/Notes_to_ICD10_prj/outputs/visualizations/02-Model_ClinicalBERT_Baseline_ICD3/training_dashboard_20260503_191558.png | experiment=E-001_Baseline_ICD3
2026-05-03 19:21:40 | FIGURE   | 02-Model_ClinicalBERT_Baseline_ICD3 | training_dashboard             | /Users/jroche/Workspace/Python/Notes_to_ICD10_prj/outputs/visualizations/02-Model_ClinicalBERT_Baseline_ICD3/training_dashboard_20260503_192139.png | experiment=E-001_Baseline_ICD3
2026-05-03 19:23:14 | FIGURE   | 02-Model_ClinicalBERT_Baseline_ICD3 | training_dashboard             | /Users/jroche/Workspace/Python/Notes_to_ICD10_prj/outputs/visualizations/02-Model_ClinicalBERT_Baseline_ICD3/training_dashboard_20260503_192314.png | experiment=E-001_Baseline_ICD3
2026-05-03 19:24:57 | FIGURE   | 02-Model_ClinicalBERT_Baseline_ICD3 | training_dashboard             | /Users/jroche/Workspace/Python/Notes_to_ICD10_prj/outputs/visualizations/02-Model_ClinicalBERT_Baseline_ICD3/training_dashboard_20260503_192456.png | experiment=E-001_Baseline_ICD3
2026-05-03 19:26:45 | FIGURE   | 02-Model_ClinicalBERT_Baseline_ICD3 | training_dashboard             | /Users/jroche/Workspace/Python/Notes_to_ICD10_prj/outputs/visualizations/02-Model_ClinicalBERT_Baseline_ICD3/training_dashboard_20260503_192644.png | experiment=E-001_Baseline_ICD3
